<?xml version="1.0" encoding="UTF-8"?>
<!-- Generated by org.testng.reporters.JUnitReportReporter -->
<testsuite skipped="0" hostname="DESKTOP-15MQ1MA" name="KeywordFramework.ExecuteTest" tests="1" failures="0" timestamp="14 Feb 2021 04:28:30 GMT" time="86.428" errors="0">
  <testcase name="testLogin" time="86.428" classname="KeywordFramework.ExecuteTest"/>
</testsuite> <!-- KeywordFramework.ExecuteTest -->
